# JRE version: OpenJDK Runtime Environment Temurin-17.0.12+7 (17.0.12+7) (build 17.0.12+7)
# Java VM: OpenJDK 64-Bit Server VM Temurin-17.0.12+7 (17.0.12+7, mixed mode, tiered, compressed oops, compressed class ptrs, parallel gc, bsd-amd64)
GC Precious Log:
 CPUs: 8 total, 8 available
 Memory: 16384M
 Large Page Support: Disabled
 NUMA Support: Disabled
 Compressed Oops: Enabled (Zero based)
 Alignments: Space 512K, Generation 512K, Heap 2M
 Heap Min Capacity: 100M
 Heap Initial Capacity: 100M
 Heap Max Capacity: 1G
 Pre-touch: Disabled
 Parallel Workers: 8
Heap:
 PSYoungGen      total 22528K, used 22048K [0x00000007eab00000, 0x00000007ec600000, 0x0000000800000000)
  eden space 22016K, 100% used [0x00000007eab00000,0x00000007ec080000,0x00000007ec080000)
  from space 512K, 6% used [0x00000007ec580000,0x00000007ec588000,0x00000007ec600000)
  to   space 512K, 43% used [0x00000007ec500000,0x00000007ec538000,0x00000007ec580000)
 ParOldGen       total 68608K, used 40522K [0x00000007c0000000, 0x00000007c4300000, 0x00000007eab00000)
  object space 68608K, 59% used [0x00000007c0000000,0x00000007c2792a00,0x00000007c4300000)
 Metaspace       used 71333K, committed 72448K, reserved 1114112K
  class space    used 8941K, committed 9408K, reserved 1048576K
GC Heap History (20 events):
Event: 40.065 GC heap after
{Heap after GC invocations=48 (full 3):
 PSYoungGen      total 22528K, used 288K [0x00000007eab00000, 0x00000007ec600000, 0x0000000800000000)
  eden space 22016K, 0% used [0x00000007eab00000,0x00000007eab00000,0x00000007ec080000)
  from space 512K, 56% used [0x00000007ec500000,0x00000007ec548000,0x00000007ec580000)
  to   space 512K, 0% used [0x00000007ec580000,0x00000007ec580000,0x00000007ec600000)
 ParOldGen       total 68608K, used 39704K [0x00000007c0000000, 0x00000007c4300000, 0x00000007eab00000)
  object space 68608K, 57% used [0x00000007c0000000,0x00000007c26c63b8,0x00000007c4300000)
 Metaspace       used 70898K, committed 72000K, reserved 1114112K
  class space    used 8877K, committed 9344K, reserved 1048576K
}
Event: 41.268 GC heap before
{Heap before GC invocations=49 (full 3):
 PSYoungGen      total 22528K, used 22304K [0x00000007eab00000, 0x00000007ec600000, 0x0000000800000000)
  eden space 22016K, 100% used [0x00000007eab00000,0x00000007ec080000,0x00000007ec080000)
  from space 512K, 56% used [0x00000007ec500000,0x00000007ec548000,0x00000007ec580000)
  to   space 512K, 0% used [0x00000007ec580000,0x00000007ec580000,0x00000007ec600000)
 ParOldGen       total 68608K, used 39704K [0x00000007c0000000, 0x00000007c4300000, 0x00000007eab00000)
  object space 68608K, 57% used [0x00000007c0000000,0x00000007c26c63b8,0x00000007c4300000)
 Metaspace       used 70900K, committed 72000K, reserved 1114112K
  class space    used 8877K, committed 9344K, reserved 1048576K
}
Event: 41.287 GC heap after
{Heap after GC invocations=49 (full 3):
 PSYoungGen      total 22528K, used 160K [0x00000007eab00000, 0x00000007ec600000, 0x0000000800000000)
  eden space 22016K, 0% used [0x00000007eab00000,0x00000007eab00000,0x00000007ec080000)
  from space 512K, 31% used [0x00000007ec580000,0x00000007ec5a8000,0x00000007ec600000)
  to   space 512K, 0% used [0x00000007ec500000,0x00000007ec500000,0x00000007ec580000)
 ParOldGen       total 68608K, used 39800K [0x00000007c0000000, 0x00000007c4300000, 0x00000007eab00000)
  object space 68608K, 58% used [0x00000007c0000000,0x00000007c26de3b8,0x00000007c4300000)
 Metaspace       used 70900K, committed 72000K, reserved 1114112K
  class space    used 8877K, committed 9344K, reserved 1048576K
}
Event: 42.028 GC heap before
{Heap before GC invocations=50 (full 3):
 PSYoungGen      total 22528K, used 22176K [0x00000007eab00000, 0x00000007ec600000, 0x0000000800000000)
  eden space 22016K, 100% used [0x00000007eab00000,0x00000007ec080000,0x00000007ec080000)
  from space 512K, 31% used [0x00000007ec580000,0x00000007ec5a8000,0x00000007ec600000)
  to   space 512K, 0% used [0x00000007ec500000,0x00000007ec500000,0x00000007ec580000)
 ParOldGen       total 68608K, used 39800K [0x00000007c0000000, 0x00000007c4300000, 0x00000007eab00000)
  object space 68608K, 58% used [0x00000007c0000000,0x00000007c26de3b8,0x00000007c4300000)
 Metaspace       used 70903K, committed 72000K, reserved 1114112K
  class space    used 8877K, committed 9344K, reserved 1048576K
}
Event: 42.041 GC heap after
{Heap after GC invocations=50 (full 3):
 PSYoungGen      total 22528K, used 96K [0x00000007eab00000, 0x00000007ec600000, 0x0000000800000000)
  eden space 22016K, 0% used [0x00000007eab00000,0x00000007eab00000,0x00000007ec080000)
  from space 512K, 18% used [0x00000007ec500000,0x00000007ec518000,0x00000007ec580000)
  to   space 512K, 0% used [0x00000007ec580000,0x00000007ec580000,0x00000007ec600000)
 ParOldGen       total 68608K, used 39824K [0x00000007c0000000, 0x00000007c4300000, 0x00000007eab00000)
  object space 68608K, 58% used [0x00000007c0000000,0x00000007c26e43b8,0x00000007c4300000)
 Metaspace       used 70903K, committed 72000K, reserved 1114112K
  class space    used 8877K, committed 9344K, reserved 1048576K
}
Event: 42.279 GC heap before
{Heap before GC invocations=51 (full 3):
 PSYoungGen      total 22528K, used 22112K [0x00000007eab00000, 0x00000007ec600000, 0x0000000800000000)
  eden space 22016K, 100% used [0x00000007eab00000,0x00000007ec080000,0x00000007ec080000)
  from space 512K, 18% used [0x00000007ec500000,0x00000007ec518000,0x00000007ec580000)
  to   space 512K, 0% used [0x00000007ec580000,0x00000007ec580000,0x00000007ec600000)
 ParOldGen       total 68608K, used 39824K [0x00000007c0000000, 0x00000007c4300000, 0x00000007eab00000)
  object space 68608K, 58% used [0x00000007c0000000,0x00000007c26e43b8,0x00000007c4300000)
 Metaspace       used 70903K, committed 72000K, reserved 1114112K
  class space    used 8877K, committed 9344K, reserved 1048576K
}
Event: 42.281 GC heap after
{Heap after GC invocations=51 (full 3):
 PSYoungGen      total 22528K, used 96K [0x00000007eab00000, 0x00000007ec600000, 0x0000000800000000)
  eden space 22016K, 0% used [0x00000007eab00000,0x00000007eab00000,0x00000007ec080000)
  from space 512K, 18% used [0x00000007ec580000,0x00000007ec598000,0x00000007ec600000)
  to   space 512K, 0% used [0x00000007ec500000,0x00000007ec500000,0x00000007ec580000)
 ParOldGen       total 68608K, used 39824K [0x00000007c0000000, 0x00000007c4300000, 0x00000007eab00000)
  object space 68608K, 58% used [0x00000007c0000000,0x00000007c26e43b8,0x00000007c4300000)
 Metaspace       used 70903K, committed 72000K, reserved 1114112K
  class space    used 8877K, committed 9344K, reserved 1048576K
}
Event: 42.532 GC heap before
{Heap before GC invocations=52 (full 3):
 PSYoungGen      total 22528K, used 22112K [0x00000007eab00000, 0x00000007ec600000, 0x0000000800000000)
  eden space 22016K, 100% used [0x00000007eab00000,0x00000007ec080000,0x00000007ec080000)
  from space 512K, 18% used [0x00000007ec580000,0x00000007ec598000,0x00000007ec600000)
  to   space 512K, 0% used [0x00000007ec500000,0x00000007ec500000,0x00000007ec580000)
 ParOldGen       total 68608K, used 39824K [0x00000007c0000000, 0x00000007c4300000, 0x00000007eab00000)
  object space 68608K, 58% used [0x00000007c0000000,0x00000007c26e43b8,0x00000007c4300000)
 Metaspace       used 70905K, committed 72000K, reserved 1114112K
  class space    used 8877K, committed 9344K, reserved 1048576K
}
Event: 42.548 GC heap after
{Heap after GC invocations=52 (full 3):
 PSYoungGen      total 22528K, used 96K [0x00000007eab00000, 0x00000007ec600000, 0x0000000800000000)
  eden space 22016K, 0% used [0x00000007eab00000,0x00000007eab00000,0x00000007ec080000)
  from space 512K, 18% used [0x00000007ec500000,0x00000007ec518000,0x00000007ec580000)
  to   space 512K, 0% used [0x00000007ec580000,0x00000007ec580000,0x00000007ec600000)
 ParOldGen       total 68608K, used 39824K [0x00000007c0000000, 0x00000007c4300000, 0x00000007eab00000)
  object space 68608K, 58% used [0x00000007c0000000,0x00000007c26e43b8,0x00000007c4300000)
 Metaspace       used 70905K, committed 72000K, reserved 1114112K
  class space    used 8877K, committed 9344K, reserved 1048576K
}
Event: 42.788 GC heap before
{Heap before GC invocations=53 (full 3):
 PSYoungGen      total 22528K, used 22112K [0x00000007eab00000, 0x00000007ec600000, 0x0000000800000000)
  eden space 22016K, 100% used [0x00000007eab00000,0x00000007ec080000,0x00000007ec080000)
  from space 512K, 18% used [0x00000007ec500000,0x00000007ec518000,0x00000007ec580000)
  to   space 512K, 0% used [0x00000007ec580000,0x00000007ec580000,0x00000007ec600000)
 ParOldGen       total 68608K, used 39824K [0x00000007c0000000, 0x00000007c4300000, 0x00000007eab00000)
  object space 68608K, 58% used [0x00000007c0000000,0x00000007c26e43b8,0x00000007c4300000)
 Metaspace       used 70905K, committed 72000K, reserved 1114112K
  class space    used 8877K, committed 9344K, reserved 1048576K
}
Event: 42.790 GC heap after
{Heap after GC invocations=53 (full 3):
 PSYoungGen      total 22528K, used 160K [0x00000007eab00000, 0x00000007ec600000, 0x0000000800000000)
  eden space 22016K, 0% used [0x00000007eab00000,0x00000007eab00000,0x00000007ec080000)
  from space 512K, 31% used [0x00000007ec580000,0x00000007ec5a8000,0x00000007ec600000)
  to   space 512K, 0% used [0x00000007ec500000,0x00000007ec500000,0x00000007ec580000)
 ParOldGen       total 68608K, used 39824K [0x00000007c0000000, 0x00000007c4300000, 0x00000007eab00000)
  object space 68608K, 58% used [0x00000007c0000000,0x00000007c26e43b8,0x00000007c4300000)
 Metaspace       used 70905K, committed 72000K, reserved 1114112K
  class space    used 8877K, committed 9344K, reserved 1048576K
}
Event: 43.040 GC heap before
{Heap before GC invocations=54 (full 3):
 PSYoungGen      total 22528K, used 22176K [0x00000007eab00000, 0x00000007ec600000, 0x0000000800000000)
  eden space 22016K, 100% used [0x00000007eab00000,0x00000007ec080000,0x00000007ec080000)
  from space 512K, 31% used [0x00000007ec580000,0x00000007ec5a8000,0x00000007ec600000)
  to   space 512K, 0% used [0x00000007ec500000,0x00000007ec500000,0x00000007ec580000)
 ParOldGen       total 68608K, used 39824K [0x00000007c0000000, 0x00000007c4300000, 0x00000007eab00000)
  object space 68608K, 58% used [0x00000007c0000000,0x00000007c26e43b8,0x00000007c4300000)
 Metaspace       used 70912K, committed 72000K, reserved 1114112K
  class space    used 8877K, committed 9344K, reserved 1048576K
}
Event: 43.041 GC heap after
{Heap after GC invocations=54 (full 3):
 PSYoungGen      total 22528K, used 96K [0x00000007eab00000, 0x00000007ec600000, 0x0000000800000000)
  eden space 22016K, 0% used [0x00000007eab00000,0x00000007eab00000,0x00000007ec080000)
  from space 512K, 18% used [0x00000007ec500000,0x00000007ec518000,0x00000007ec580000)
  to   space 512K, 0% used [0x00000007ec580000,0x00000007ec580000,0x00000007ec600000)
 ParOldGen       total 68608K, used 39824K [0x00000007c0000000, 0x00000007c4300000, 0x00000007eab00000)
  object space 68608K, 58% used [0x00000007c0000000,0x00000007c26e43b8,0x00000007c4300000)
 Metaspace       used 70912K, committed 72000K, reserved 1114112K
  class space    used 8877K, committed 9344K, reserved 1048576K
}
Event: 43.616 GC heap before
{Heap before GC invocations=55 (full 3):
 PSYoungGen      total 22528K, used 22112K [0x00000007eab00000, 0x00000007ec600000, 0x0000000800000000)
  eden space 22016K, 100% used [0x00000007eab00000,0x00000007ec080000,0x00000007ec080000)
  from space 512K, 18% used [0x00000007ec500000,0x00000007ec518000,0x00000007ec580000)
  to   space 512K, 0% used [0x00000007ec580000,0x00000007ec580000,0x00000007ec600000)
 ParOldGen       total 68608K, used 39824K [0x00000007c0000000, 0x00000007c4300000, 0x00000007eab00000)
  object space 68608K, 58% used [0x00000007c0000000,0x00000007c26e43b8,0x00000007c4300000)
 Metaspace       used 71071K, committed 72128K, reserved 1114112K
  class space    used 8905K, committed 9344K, reserved 1048576K
}
Event: 43.618 GC heap after
{Heap after GC invocations=55 (full 3):
 PSYoungGen      total 22528K, used 512K [0x00000007eab00000, 0x00000007ec600000, 0x0000000800000000)
  eden space 22016K, 0% used [0x00000007eab00000,0x00000007eab00000,0x00000007ec080000)
  from space 512K, 100% used [0x00000007ec580000,0x00000007ec600000,0x00000007ec600000)
  to   space 1024K, 0% used [0x00000007ec400000,0x00000007ec400000,0x00000007ec500000)
 ParOldGen       total 68608K, used 39872K [0x00000007c0000000, 0x00000007c4300000, 0x00000007eab00000)
  object space 68608K, 58% used [0x00000007c0000000,0x00000007c26f03c8,0x00000007c4300000)
 Metaspace       used 71071K, committed 72128K, reserved 1114112K
  class space    used 8905K, committed 9344K, reserved 1048576K
}
Event: 44.195 GC heap before
{Heap before GC invocations=56 (full 3):
 PSYoungGen      total 22528K, used 22528K [0x00000007eab00000, 0x00000007ec600000, 0x0000000800000000)
  eden space 22016K, 100% used [0x00000007eab00000,0x00000007ec080000,0x00000007ec080000)
  from space 512K, 100% used [0x00000007ec580000,0x00000007ec600000,0x00000007ec600000)
  to   space 1024K, 0% used [0x00000007ec400000,0x00000007ec400000,0x00000007ec500000)
 ParOldGen       total 68608K, used 39872K [0x00000007c0000000, 0x00000007c4300000, 0x00000007eab00000)
  object space 68608K, 58% used [0x00000007c0000000,0x00000007c26f03c8,0x00000007c4300000)
 Metaspace       used 71328K, committed 72448K, reserved 1114112K
  class space    used 8940K, committed 9408K, reserved 1048576K
}
Event: 44.198 GC heap after
{Heap after GC invocations=56 (full 3):
 PSYoungGen      total 23040K, used 441K [0x00000007eab00000, 0x00000007ec600000, 0x0000000800000000)
  eden space 22016K, 0% used [0x00000007eab00000,0x00000007eab00000,0x00000007ec080000)
  from space 1024K, 43% used [0x00000007ec400000,0x00000007ec46e5f8,0x00000007ec500000)
  to   space 512K, 0% used [0x00000007ec580000,0x00000007ec580000,0x00000007ec600000)
 ParOldGen       total 68608K, used 40200K [0x00000007c0000000, 0x00000007c4300000, 0x00000007eab00000)
  object space 68608K, 58% used [0x00000007c0000000,0x00000007c27423c8,0x00000007c4300000)
 Metaspace       used 71328K, committed 72448K, reserved 1114112K
  class space    used 8940K, committed 9408K, reserved 1048576K
}
Event: 44.471 GC heap before
{Heap before GC invocations=57 (full 3):
 PSYoungGen      total 23040K, used 22457K [0x00000007eab00000, 0x00000007ec600000, 0x0000000800000000)
  eden space 22016K, 100% used [0x00000007eab00000,0x00000007ec080000,0x00000007ec080000)
  from space 1024K, 43% used [0x00000007ec400000,0x00000007ec46e5f8,0x00000007ec500000)
  to   space 512K, 0% used [0x00000007ec580000,0x00000007ec580000,0x00000007ec600000)
 ParOldGen       total 68608K, used 40200K [0x00000007c0000000, 0x00000007c4300000, 0x00000007eab00000)
  object space 68608K, 58% used [0x00000007c0000000,0x00000007c27423c8,0x00000007c4300000)
 Metaspace       used 71329K, committed 72448K, reserved 1114112K
  class space    used 8940K, committed 9408K, reserved 1048576K
}
Event: 44.478 GC heap after
{Heap after GC invocations=57 (full 3):
 PSYoungGen      total 22528K, used 32K [0x00000007eab00000, 0x00000007ec600000, 0x0000000800000000)
  eden space 22016K, 0% used [0x00000007eab00000,0x00000007eab00000,0x00000007ec080000)
  from space 512K, 6% used [0x00000007ec580000,0x00000007ec588000,0x00000007ec600000)
  to   space 512K, 0% used [0x00000007ec500000,0x00000007ec500000,0x00000007ec580000)
 ParOldGen       total 68608K, used 40506K [0x00000007c0000000, 0x00000007c4300000, 0x00000007eab00000)
  object space 68608K, 59% used [0x00000007c0000000,0x00000007c278ea00,0x00000007c4300000)
 Metaspace       used 71329K, committed 72448K, reserved 1114112K
  class space    used 8940K, committed 9408K, reserved 1048576K
}
Event: 44.799 GC heap before
{Heap before GC invocations=58 (full 3):
 PSYoungGen      total 22528K, used 22048K [0x00000007eab00000, 0x00000007ec600000, 0x0000000800000000)
  eden space 22016K, 100% used [0x00000007eab00000,0x00000007ec080000,0x00000007ec080000)
  from space 512K, 6% used [0x00000007ec580000,0x00000007ec588000,0x00000007ec600000)
  to   space 512K, 0% used [0x00000007ec500000,0x00000007ec500000,0x00000007ec580000)
 ParOldGen       total 68608K, used 40506K [0x00000007c0000000, 0x00000007c4300000, 0x00000007eab00000)
  object space 68608K, 59% used [0x00000007c0000000,0x00000007c278ea00,0x00000007c4300000)
 Metaspace       used 71333K, committed 72448K, reserved 1114112K
  class space    used 8941K, committed 9408K, reserved 1048576K
}

